<?xml version="1.0" encoding="UTF-8"?>
<testng-results ignored="0" total="1" passed="1" failed="0" skipped="0">
  <reporter-output>
  </reporter-output>
  <suite started-at="2024-02-01T12:54:04 IST" name="Surefire suite" finished-at="2024-02-01T12:54:44 IST" duration-ms="39716">
    <groups>
    </groups>
    <test started-at="2024-02-01T12:54:04 IST" name="Surefire test" finished-at="2024-02-01T12:54:44 IST" duration-ms="39716">
      <class name="AssgnmentTest.AssignmentTest1">
        <test-method is-config="true" signature="browserLaunch()[pri:0, instance:AssgnmentTest.AssignmentTest1@2dde1bff]" started-at="2024-02-01T12:54:04 IST" name="browserLaunch" finished-at="2024-02-01T12:54:34 IST" duration-ms="30198" status="PASS">
          <reporter-output>
          </reporter-output>
        </test-method> <!-- browserLaunch -->
        <test-method signature="ProductSearch()[pri:1, instance:AssgnmentTest.AssignmentTest1@2dde1bff]" started-at="2024-02-01T12:54:34 IST" name="ProductSearch" finished-at="2024-02-01T12:54:42 IST" duration-ms="8060" status="PASS">
          <reporter-output>
          </reporter-output>
        </test-method> <!-- ProductSearch -->
        <test-method is-config="true" signature="closeBrowser()[pri:0, instance:AssgnmentTest.AssignmentTest1@2dde1bff]" started-at="2024-02-01T12:54:42 IST" name="closeBrowser" finished-at="2024-02-01T12:54:44 IST" duration-ms="1340" status="PASS">
          <reporter-output>
          </reporter-output>
        </test-method> <!-- closeBrowser -->
      </class> <!-- AssgnmentTest.AssignmentTest1 -->
    </test> <!-- Surefire test -->
  </suite> <!-- Surefire suite -->
</testng-results>
