<?xml version="1.0" encoding="UTF-8"?>
<testng-results ignored="0" total="1" passed="1" failed="0" skipped="0">
  <reporter-output>
  </reporter-output>
  <suite started-at="2024-02-01T10:46:08 IST" name="Default suite" finished-at="2024-02-01T10:46:48 IST" duration-ms="40060">
    <groups>
    </groups>
    <test started-at="2024-02-01T10:46:08 IST" name="Default test" finished-at="2024-02-01T10:46:48 IST" duration-ms="40060">
      <class name="AssgnmentTest.AssignmentTest1">
        <test-method is-config="true" signature="browserLaunch()[pri:0, instance:AssgnmentTest.AssignmentTest1@3c77d488]" started-at="2024-02-01T10:46:08 IST" name="browserLaunch" finished-at="2024-02-01T10:46:34 IST" duration-ms="26509" status="PASS">
          <reporter-output>
          </reporter-output>
        </test-method> <!-- browserLaunch -->
        <test-method signature="logIN()[pri:1, instance:AssgnmentTest.AssignmentTest1@3c77d488]" started-at="2024-02-01T10:46:34 IST" name="logIN" finished-at="2024-02-01T10:46:47 IST" duration-ms="12325" status="PASS">
          <reporter-output>
          </reporter-output>
        </test-method> <!-- logIN -->
        <test-method is-config="true" signature="closeBrowser()[pri:0, instance:AssgnmentTest.AssignmentTest1@3c77d488]" started-at="2024-02-01T10:46:47 IST" name="closeBrowser" finished-at="2024-02-01T10:46:48 IST" duration-ms="1132" status="PASS">
          <reporter-output>
          </reporter-output>
        </test-method> <!-- closeBrowser -->
      </class> <!-- AssgnmentTest.AssignmentTest1 -->
    </test> <!-- Default test -->
  </suite> <!-- Default suite -->
</testng-results>
